{"/home/vkingmaker/Documents/Development/lannister-pay/server/controllers/FcsController.js": {"path":"/home/vkingmaker/Documents/Development/lannister-pay/server/controllers/FcsController.js","statementMap":{"0":{"start":{"line":6,"column":21},"end":{"line":6,"column":56}},"1":{"start":{"line":7,"column":17},"end":{"line":7,"column":58}},"2":{"start":{"line":8,"column":19},"end":{"line":8,"column":45}},"3":{"start":{"line":14,"column":0},"end":{"line":71,"column":1}},"4":{"start":{"line":23,"column":4},"end":{"line":41,"column":5}},"5":{"start":{"line":24,"column":39},"end":{"line":24,"column":47}},"6":{"start":{"line":26,"column":6},"end":{"line":26,"column":51}},"7":{"start":{"line":28,"column":6},"end":{"line":33,"column":8}},"8":{"start":{"line":36,"column":6},"end":{"line":40,"column":8}},"9":{"start":{"line":51,"column":4},"end":{"line":69,"column":5}},"10":{"start":{"line":52,"column":74},"end":{"line":52,"column":82}},"11":{"start":{"line":54,"column":29},"end":{"line":54,"column":100}},"12":{"start":{"line":56,"column":6},"end":{"line":60,"column":8}},"13":{"start":{"line":63,"column":25},"end":{"line":63,"column":80}},"14":{"start":{"line":64,"column":6},"end":{"line":68,"column":8}}},"fnMap":{"0":{"name":"(anonymous_0)","decl":{"start":{"line":22,"column":2},"end":{"line":22,"column":3}},"loc":{"start":{"line":22,"column":35},"end":{"line":42,"column":3}},"line":22},"1":{"name":"(anonymous_1)","decl":{"start":{"line":50,"column":2},"end":{"line":50,"column":3}},"loc":{"start":{"line":50,"column":47},"end":{"line":70,"column":3}},"line":50}},"branchMap":{"0":{"loc":{"start":{"line":63,"column":25},"end":{"line":63,"column":80}},"type":"binary-expr","locations":[{"start":{"line":63,"column":25},"end":{"line":63,"column":41}},{"start":{"line":63,"column":45},"end":{"line":63,"column":80}}],"line":63}},"s":{"0":1,"1":1,"2":1,"3":1,"4":1,"5":1,"6":1,"7":1,"8":0,"9":3,"10":3,"11":3,"12":2,"13":1,"14":1},"f":{"0":1,"1":3},"b":{"0":[1,0]},"_coverageSchema":"1a1c01bbd47fc00a2c39e90264f33305004495a9","hash":"c207681be624cfa020f0f53d45e1114d1e700290"}
,"/home/vkingmaker/Documents/Development/lannister-pay/server/routes/index.js": {"path":"/home/vkingmaker/Documents/Development/lannister-pay/server/routes/index.js","statementMap":{"0":{"start":{"line":1,"column":0},"end":{"line":1,"column":27}},"1":{"start":{"line":3,"column":20},"end":{"line":3,"column":36}},"2":{"start":{"line":5,"column":12},"end":{"line":5,"column":36}},"3":{"start":{"line":6,"column":0},"end":{"line":8,"column":2}},"4":{"start":{"line":7,"column":2},"end":{"line":7,"column":33}}},"fnMap":{"0":{"name":"(anonymous_0)","decl":{"start":{"line":6,"column":17},"end":{"line":6,"column":18}},"loc":{"start":{"line":6,"column":26},"end":{"line":8,"column":1}},"line":6}},"branchMap":{},"s":{"0":1,"1":1,"2":1,"3":1,"4":1},"f":{"0":1},"b":{},"_coverageSchema":"1a1c01bbd47fc00a2c39e90264f33305004495a9","hash":"38fa832589a15e8d0cef7a3d2217186bbdbe26d7"}
,"/home/vkingmaker/Documents/Development/lannister-pay/server/routes/fcs/index.js": {"path":"/home/vkingmaker/Documents/Development/lannister-pay/server/routes/fcs/index.js","statementMap":{"0":{"start":{"line":1,"column":16},"end":{"line":1,"column":34}},"1":{"start":{"line":2,"column":12},"end":{"line":2,"column":28}},"2":{"start":{"line":3,"column":19},"end":{"line":3,"column":61}},"3":{"start":{"line":5,"column":0},"end":{"line":5,"column":46}},"4":{"start":{"line":6,"column":0},"end":{"line":6,"column":77}},"5":{"start":{"line":8,"column":0},"end":{"line":8,"column":24}}},"fnMap":{},"branchMap":{},"s":{"0":1,"1":1,"2":1,"3":1,"4":1,"5":1},"f":{},"b":{},"_coverageSchema":"1a1c01bbd47fc00a2c39e90264f33305004495a9","hash":"4a0ece562d160c16ee1b1965abd5351ca497707e"}
,"/home/vkingmaker/Documents/Development/lannister-pay/server/services/ComputeService/index.js": {"path":"/home/vkingmaker/Documents/Development/lannister-pay/server/services/ComputeService/index.js","statementMap":{"0":{"start":{"line":1,"column":28},"end":{"line":1,"column":71}},"1":{"start":{"line":6,"column":0},"end":{"line":44,"column":1}},"2":{"start":{"line":13,"column":4},"end":{"line":42,"column":5}},"3":{"start":{"line":14,"column":28},"end":{"line":14,"column":55}},"4":{"start":{"line":15,"column":32},"end":{"line":15,"column":106}},"5":{"start":{"line":19,"column":3},"end":{"line":34,"column":4}},"6":{"start":{"line":21,"column":5},"end":{"line":21,"column":71}},"7":{"start":{"line":22,"column":5},"end":{"line":22,"column":11}},"8":{"start":{"line":25,"column":26},"end":{"line":25,"column":45}},"9":{"start":{"line":26,"column":5},"end":{"line":26,"column":77}},"10":{"start":{"line":27,"column":5},"end":{"line":27,"column":11}},"11":{"start":{"line":31,"column":5},"end":{"line":31,"column":44}},"12":{"start":{"line":32,"column":5},"end":{"line":32,"column":11}},"13":{"start":{"line":36,"column":24},"end":{"line":36,"column":78}},"14":{"start":{"line":37,"column":25},"end":{"line":37,"column":55}},"15":{"start":{"line":39,"column":3},"end":{"line":39,"column":75}},"16":{"start":{"line":41,"column":6},"end":{"line":41,"column":18}}},"fnMap":{"0":{"name":"(anonymous_0)","decl":{"start":{"line":12,"column":2},"end":{"line":12,"column":3}},"loc":{"start":{"line":12,"column":65},"end":{"line":43,"column":3}},"line":12}},"branchMap":{"0":{"loc":{"start":{"line":19,"column":3},"end":{"line":34,"column":4}},"type":"switch","locations":[{"start":{"line":20,"column":4},"end":{"line":23,"column":5}},{"start":{"line":24,"column":4},"end":{"line":28,"column":5}},{"start":{"line":30,"column":4},"end":{"line":33,"column":5}}],"line":19},"1":{"loc":{"start":{"line":36,"column":24},"end":{"line":36,"column":78}},"type":"cond-expr","locations":[{"start":{"line":36,"column":45},"end":{"line":36,"column":69}},{"start":{"line":36,"column":72},"end":{"line":36,"column":78}}],"line":36}},"s":{"0":1,"1":1,"2":2,"3":2,"4":2,"5":2,"6":1,"7":1,"8":1,"9":1,"10":1,"11":0,"12":0,"13":2,"14":2,"15":2,"16":0},"f":{"0":2},"b":{"0":[1,1,0],"1":[1,1]},"_coverageSchema":"1a1c01bbd47fc00a2c39e90264f33305004495a9","hash":"b2362609154c03d83dd3c8f65614506129b370c3"}
,"/home/vkingmaker/Documents/Development/lannister-pay/server/services/fcs/index.js": {"path":"/home/vkingmaker/Documents/Development/lannister-pay/server/services/fcs/index.js","statementMap":{"0":{"start":{"line":1,"column":0},"end":{"line":1,"column":27}},"1":{"start":{"line":3,"column":17},"end":{"line":3,"column":61}},"2":{"start":{"line":4,"column":20},"end":{"line":4,"column":48}},"3":{"start":{"line":9,"column":0},"end":{"line":115,"column":1}},"4":{"start":{"line":16,"column":2},"end":{"line":40,"column":3}},"5":{"start":{"line":17,"column":18},"end":{"line":17,"column":50}},"6":{"start":{"line":18,"column":27},"end":{"line":18,"column":29}},"7":{"start":{"line":19,"column":30},"end":{"line":19,"column":32}},"8":{"start":{"line":21,"column":3},"end":{"line":29,"column":4}},"9":{"start":{"line":22,"column":40},"end":{"line":22,"column":76}},"10":{"start":{"line":23,"column":4},"end":{"line":23,"column":80}},"11":{"start":{"line":23,"column":47},"end":{"line":23,"column":80}},"12":{"start":{"line":24,"column":4},"end":{"line":28,"column":5}},"13":{"start":{"line":25,"column":5},"end":{"line":25,"column":87}},"14":{"start":{"line":27,"column":5},"end":{"line":27,"column":88}},"15":{"start":{"line":31,"column":3},"end":{"line":31,"column":39}},"16":{"start":{"line":33,"column":3},"end":{"line":35,"column":4}},"17":{"start":{"line":34,"column":4},"end":{"line":34,"column":68}},"18":{"start":{"line":37,"column":3},"end":{"line":37,"column":57}},"19":{"start":{"line":39,"column":3},"end":{"line":39,"column":15}},"20":{"start":{"line":62,"column":2},"end":{"line":113,"column":3}},"21":{"start":{"line":64,"column":25},"end":{"line":64,"column":85}},"22":{"start":{"line":66,"column":3},"end":{"line":69,"column":5}},"23":{"start":{"line":66,"column":118},"end":{"line":69,"column":5}},"24":{"start":{"line":71,"column":27},"end":{"line":71,"column":42}},"25":{"start":{"line":72,"column":21},"end":{"line":72,"column":60}},"26":{"start":{"line":73,"column":27},"end":{"line":73,"column":38}},"27":{"start":{"line":75,"column":3},"end":{"line":78,"column":5}},"28":{"start":{"line":75,"column":49},"end":{"line":78,"column":5}},"29":{"start":{"line":81,"column":25},"end":{"line":92,"column":5}},"30":{"start":{"line":82,"column":30},"end":{"line":82,"column":67}},"31":{"start":{"line":83,"column":27},"end":{"line":88,"column":14}},"32":{"start":{"line":90,"column":4},"end":{"line":90,"column":126}},"33":{"start":{"line":94,"column":3},"end":{"line":94,"column":70}},"34":{"start":{"line":94,"column":33},"end":{"line":94,"column":70}},"35":{"start":{"line":96,"column":3},"end":{"line":100,"column":6}},"36":{"start":{"line":97,"column":28},"end":{"line":97,"column":64}},"37":{"start":{"line":98,"column":19},"end":{"line":98,"column":62}},"38":{"start":{"line":99,"column":4},"end":{"line":99,"column":53}},"39":{"start":{"line":102,"column":3},"end":{"line":108,"column":4}},"40":{"start":{"line":103,"column":27},"end":{"line":103,"column":29}},"41":{"start":{"line":104,"column":4},"end":{"line":107,"column":5}},"42":{"start":{"line":105,"column":5},"end":{"line":105,"column":51}},"43":{"start":{"line":106,"column":5},"end":{"line":106,"column":29}},"44":{"start":{"line":110,"column":3},"end":{"line":110,"column":75}},"45":{"start":{"line":112,"column":3},"end":{"line":112,"column":15}}},"fnMap":{"0":{"name":"(anonymous_0)","decl":{"start":{"line":15,"column":1},"end":{"line":15,"column":2}},"loc":{"start":{"line":15,"column":43},"end":{"line":41,"column":2}},"line":15},"1":{"name":"(anonymous_1)","decl":{"start":{"line":48,"column":1},"end":{"line":48,"column":2}},"loc":{"start":{"line":61,"column":4},"end":{"line":114,"column":2}},"line":61},"2":{"name":"(anonymous_2)","decl":{"start":{"line":81,"column":46},"end":{"line":81,"column":47}},"loc":{"start":{"line":81,"column":57},"end":{"line":92,"column":4}},"line":81},"3":{"name":"(anonymous_3)","decl":{"start":{"line":96,"column":45},"end":{"line":96,"column":46}},"loc":{"start":{"line":96,"column":53},"end":{"line":100,"column":4}},"line":96}},"branchMap":{"0":{"loc":{"start":{"line":23,"column":4},"end":{"line":23,"column":80}},"type":"if","locations":[{"start":{"line":23,"column":4},"end":{"line":23,"column":80}},{"start":{},"end":{}}],"line":23},"1":{"loc":{"start":{"line":24,"column":4},"end":{"line":28,"column":5}},"type":"if","locations":[{"start":{"line":24,"column":4},"end":{"line":28,"column":5}},{"start":{"line":26,"column":11},"end":{"line":28,"column":5}}],"line":24},"2":{"loc":{"start":{"line":64,"column":25},"end":{"line":64,"column":85}},"type":"cond-expr","locations":[{"start":{"line":64,"column":53},"end":{"line":64,"column":78}},{"start":{"line":64,"column":81},"end":{"line":64,"column":85}}],"line":64},"3":{"loc":{"start":{"line":66,"column":3},"end":{"line":69,"column":5}},"type":"if","locations":[{"start":{"line":66,"column":3},"end":{"line":69,"column":5}},{"start":{},"end":{}}],"line":66},"4":{"loc":{"start":{"line":75,"column":3},"end":{"line":78,"column":5}},"type":"if","locations":[{"start":{"line":75,"column":3},"end":{"line":78,"column":5}},{"start":{},"end":{}}],"line":75},"5":{"loc":{"start":{"line":90,"column":12},"end":{"line":90,"column":124}},"type":"binary-expr","locations":[{"start":{"line":90,"column":12},"end":{"line":90,"column":63}},{"start":{"line":90,"column":67},"end":{"line":90,"column":98}},{"start":{"line":90,"column":102},"end":{"line":90,"column":124}}],"line":90},"6":{"loc":{"start":{"line":94,"column":3},"end":{"line":94,"column":70}},"type":"if","locations":[{"start":{"line":94,"column":3},"end":{"line":94,"column":70}},{"start":{},"end":{}}],"line":94},"7":{"loc":{"start":{"line":98,"column":19},"end":{"line":98,"column":62}},"type":"cond-expr","locations":[{"start":{"line":98,"column":47},"end":{"line":98,"column":53}},{"start":{"line":98,"column":56},"end":{"line":98,"column":62}}],"line":98},"8":{"loc":{"start":{"line":99,"column":11},"end":{"line":99,"column":52}},"type":"binary-expr","locations":[{"start":{"line":99,"column":11},"end":{"line":99,"column":31}},{"start":{"line":99,"column":35},"end":{"line":99,"column":52}}],"line":99},"9":{"loc":{"start":{"line":104,"column":4},"end":{"line":107,"column":5}},"type":"if","locations":[{"start":{"line":104,"column":4},"end":{"line":107,"column":5}},{"start":{},"end":{}}],"line":104}},"s":{"0":1,"1":1,"2":1,"3":1,"4":1,"5":1,"6":1,"7":1,"8":1,"9":5,"10":5,"11":1,"12":5,"13":4,"14":1,"15":1,"16":1,"17":4,"18":1,"19":0,"20":3,"21":3,"22":3,"23":0,"24":3,"25":3,"26":3,"27":3,"28":1,"29":2,"30":3,"31":3,"32":3,"33":2,"34":1,"35":2,"36":2,"37":2,"38":2,"39":2,"40":2,"41":2,"42":2,"43":2,"44":2,"45":1},"f":{"0":1,"1":3,"2":3,"3":2},"b":{"0":[1,4],"1":[4,1],"2":[3,0],"3":[0,3],"4":[1,2],"5":[3,3,2],"6":[1,1],"7":[2,0],"8":[2,1],"9":[2,0]},"_coverageSchema":"1a1c01bbd47fc00a2c39e90264f33305004495a9","hash":"787d6c3c1c02f4b815cfea7f354417e9970b40ef"}
}
