TN:
SF:server/controllers/FcsController.js
FN:22,(anonymous_0)
FN:50,(anonymous_1)
FNF:2
FNH:2
FNDA:1,(anonymous_0)
FNDA:3,(anonymous_1)
DA:6,1
DA:7,1
DA:8,1
DA:14,1
DA:23,1
DA:24,1
DA:26,1
DA:28,1
DA:36,0
DA:51,3
DA:52,3
DA:54,3
DA:56,2
DA:63,1
DA:64,1
LF:15
LH:14
BRDA:63,0,0,1
BRDA:63,0,1,0
BRF:2
BRH:1
end_of_record
TN:
SF:server/routes/index.js
FN:6,(anonymous_0)
FNF:1
FNH:1
FNDA:1,(anonymous_0)
DA:1,1
DA:3,1
DA:5,1
DA:6,1
DA:7,1
LF:5
LH:5
BRF:0
BRH:0
end_of_record
TN:
SF:server/routes/fcs/index.js
FNF:0
FNH:0
DA:1,1
DA:2,1
DA:3,1
DA:5,1
DA:6,1
DA:8,1
LF:6
LH:6
BRF:0
BRH:0
end_of_record
TN:
SF:server/services/ComputeService/index.js
FN:12,(anonymous_0)
FNF:1
FNH:1
FNDA:2,(anonymous_0)
DA:1,1
DA:6,1
DA:13,2
DA:14,2
DA:15,2
DA:19,2
DA:21,1
DA:22,1
DA:25,1
DA:26,1
DA:27,1
DA:31,0
DA:32,0
DA:36,2
DA:37,2
DA:39,2
DA:41,0
LF:17
LH:14
BRDA:19,0,0,1
BRDA:19,0,1,1
BRDA:19,0,2,0
BRDA:36,1,0,1
BRDA:36,1,1,1
BRF:5
BRH:4
end_of_record
TN:
SF:server/services/fcs/index.js
FN:15,(anonymous_0)
FN:48,(anonymous_1)
FN:81,(anonymous_2)
FN:96,(anonymous_3)
FNF:4
FNH:4
FNDA:1,(anonymous_0)
FNDA:3,(anonymous_1)
FNDA:3,(anonymous_2)
FNDA:2,(anonymous_3)
DA:1,1
DA:3,1
DA:4,1
DA:9,1
DA:16,1
DA:17,1
DA:18,1
DA:19,1
DA:21,1
DA:22,5
DA:23,5
DA:24,5
DA:25,4
DA:27,1
DA:31,1
DA:33,1
DA:34,4
DA:37,1
DA:39,0
DA:62,3
DA:64,3
DA:66,3
DA:71,3
DA:72,3
DA:73,3
DA:75,3
DA:81,2
DA:82,3
DA:83,3
DA:90,3
DA:94,2
DA:96,2
DA:97,2
DA:98,2
DA:99,2
DA:102,2
DA:103,2
DA:104,2
DA:105,2
DA:106,2
DA:110,2
DA:112,1
LF:42
LH:41
BRDA:23,0,0,1
BRDA:23,0,1,4
BRDA:24,1,0,4
BRDA:24,1,1,1
BRDA:64,2,0,3
BRDA:64,2,1,0
BRDA:66,3,0,0
BRDA:66,3,1,3
BRDA:75,4,0,1
BRDA:75,4,1,2
BRDA:90,5,0,3
BRDA:90,5,1,3
BRDA:90,5,2,2
BRDA:94,6,0,1
BRDA:94,6,1,1
BRDA:98,7,0,2
BRDA:98,7,1,0
BRDA:99,8,0,2
BRDA:99,8,1,1
BRDA:104,9,0,2
BRDA:104,9,1,0
BRF:21
BRH:17
end_of_record
